<?xml version="1.0" encoding="UTF-8"?>

<web-app version="2.4"
         xmlns="http://java.sun.com/xml/ns/j2ee"
         xmlns:xsi="http://www.w3.org/2001/XMLSchema-instance"
         xsi:schemaLocation="http://java.sun.com/xml/ns/j2ee http://java.sun.com/xml/ns/j2ee/web-app_2_4.xsd">
    <display-name>Test</display-name>
    <servlet>
        <description>Test servlet Alpha</description>
        <display-name>Alpha</display-name>
        <servlet-name>AlphaServlet</servlet-name>
        <servlet-class>de.codewave.utils.servlet.AlphaTestServlet</servlet-class>
    </servlet>
    <servlet>
        <description>Test servlet Beta</description>
        <display-name>Beta</display-name>
        <servlet-name>BetaServlet</servlet-name>
        <servlet-class>de.codewave.utils.servlet.BetaTestServlet</servlet-class>
    </servlet>
    <servlet-mapping>
        <servlet-name>AlphaServlet</servlet-name>
        <url-pattern>/alpha</url-pattern>
    </servlet-mapping>
    <servlet-mapping>
        <servlet-name>BetaServlet</servlet-name>
        <url-pattern>/beta/*</url-pattern>
    </servlet-mapping>
</web-app>
